<?xml version="1.0" encoding="UTF-8"?>
<testsuite name="ChatServiceTest" tests="8" skipped="0" failures="0" errors="0" timestamp="2022-05-25T06:32:33" hostname="СТЕНД-1" time="0.131">
  <properties/>
  <testcase name="createMessage" classname="ChatServiceTest" time="0.038"/>
  <testcase name="getChats_noChats" classname="ChatServiceTest" time="0.0"/>
  <testcase name="deleteMessage" classname="ChatServiceTest" time="0.001"/>
  <testcase name="createMessage_noCreateChat" classname="ChatServiceTest" time="0.0"/>
  <testcase name="getUnreadChatsCount" classname="ChatServiceTest" time="0.0"/>
  <testcase name="deleteChat" classname="ChatServiceTest" time="0.001"/>
  <testcase name="getChats" classname="ChatServiceTest" time="0.0"/>
  <testcase name="getMessage" classname="ChatServiceTest" time="0.089"/>
  <system-out><![CDATA[]]></system-out>
  <system-err><![CDATA[]]></system-err>
</testsuite>
